s##: fg=0,0,0 bg=0,0,0 ft=fixed
s##: fg=0,0,0 bg=0,0,0 ft=fixed
s##: fg=0,0,0 bg=0,0,0 ft=fixed
s##: fg=0,0,0 bg=0,0,0 ft=fixed
s##: fg=0,0,0 bg=0,0,0 ft=fixed
s##: fg=0,0,0 bg=0,0,0 ft=fixed
s##: fg=0,0,0 bg=0,0,0 ft=fixed
s##: fg=0,0,0 bg=0,0,0 ft=fixed
s##: fg=0,0,0 bg=0,0,0 ft=fixed
s##: fg=0,0,0 bg=0,0,0 ft=fixed
s##: fg=0,0,0 bg=0,0,0 ft=fixed
s##: fg=0,0,0 bg=0,0,0 ft=fixed
s##: fg=0,0,0 bg=0,0,0 ft=fixed
s##: fg=0,0,0 bg=0,0,0 ft=fixed
s##: fg=0,0,0 bg=0,0,0 ft=fixed
s##: fg=0,0,0 bg=0,0,0 ft=fixed
s##: fg=0,0,0 bg=0,0,0 ft=fixed
s##: fg=0,0,0 bg=0,0,0 ft=fixed
s##: fg=0,0,0 bg=0,0,0 ft=fixed
s##: fg=0,0,0 bg=0,0,0 ft=fixed
s##: fg=0,0,0 bg=0,0,0 ft=fixed
s##: fg=0,0,0 bg=0,0,0 ft=fixed
s##: fg=0,0,0 bg=0,0,0 ft=fixed
s##: fg=0,0,0 bg=0,0,0 ft=fixed
s##: fg=0,0,0 bg=0,0,0 ft=fixed
s##: fg=0,0,0 bg=0,0,0 ft=fixed
s##: fg=0,0,0 bg=0,0,0 ft=fixed
s##: fg=0,0,0 bg=0,0,0 ft=fixed
s##: fg=0,0,0 bg=0,0,0 ft=fixed
s##: fg=0,0,0 bg=0,0,0 ft=fixed
s##: fg=0,0,0 bg=0,0,0 ft=fixed
s##: fg=0,0,0 bg=0,0,0 ft=fixed
s##: fg=0,0,0 bg=0,0,0 ft=fixed
s##039: fg=0,0,0 bg=3,144,0 ft=fixed
s##04b6e: fg=0,0,0 bg=4,182,224 ft=fixed
s##0D8d: fg=0,0,0 bg=13,141,0 ft=fixed
s##0DDF32: fg=0,0,0 bg=13,223,50 ft=fixed
s##0cF: fg=0,0,0 bg=12,240,0 ft=fixed
s##1: fg=0,0,0 bg=16,0,0 ft=fixed
s##15E1: fg=0,0,0 bg=21,225,0 ft=fixed
s##1Edc47: fg=0,0,0 bg=30,220,71 ft=fixed
s##1c7: fg=0,0,0 bg=28,112,0 ft=fixed
s##22595: fg=0,0,0 bg=34,89,80 ft=fixed
s##2d: fg=0,0,0 bg=45,0,0 ft=fixed
s##3: fg=0,0,0 bg=48,0,0 ft=fixed
s##32: fg=0,0,0 bg=50,0,0 ft=fixed
s##3247f: fg=0,0,0 bg=50,71,240 ft=fixed
s##33F: fg=0,0,0 bg=51,240,0 ft=fixed
s##35: fg=0,0,0 bg=53,0,0 ft=fixed
s##35: fg=0,0,0 bg=53,0,0 ft=fixed
s##35: fg=0,0,0 bg=53,0,0 ft=fixed
s##3EA64: fg=0,0,0 bg=62,166,64 ft=fixed
s##4: fg=0,0,0 bg=64,0,0 ft=fixed
s##4125A: fg=0,0,0 bg=65,37,160 ft=fixed
s##42FDb: fg=0,0,0 bg=66,253,176 ft=fixed
s##486E90: fg=0,0,0 bg=72,110,144 ft=fixed
s##4A: fg=0,0,0 bg=74,0,0 ft=fixed
s##4Db43c: fg=0,0,0 bg=77,180,60 ft=fixed
s##4af: fg=0,0,0 bg=74,240,0 ft=fixed
s##5: fg=0,0,0 bg=80,0,0 ft=fixed
s##51: fg=0,0,0 bg=81,0,0 ft=fixed
s##52: fg=0,0,0 bg=82,0,0 ft=fixed
s##5C: fg=0,0,0 bg=92,0,0 ft=fixed
s##5bEFaF: fg=0,0,0 bg=91,239,175 ft=fixed
s##6: fg=0,0,0 bg=96,0,0 ft=fixed
s##687C6: fg=0,0,0 bg=104,124,96 ft=fixed
s##69: fg=0,0,0 bg=105,0,0 ft=fixed
s##6DFaF: fg=0,0,0 bg=109,250,240 ft=fixed
s##6b0: fg=0,0,0 bg=107,0,0 ft=fixed
s##6ddabD: fg=0,0,0 bg=109,218,189 ft=fixed
s##7: fg=0,0,0 bg=112,0,0 ft=fixed
s##7: fg=0,0,0 bg=112,0,0 ft=fixed
s##7: fg=0,0,0 bg=112,0,0 ft=fixed
s##7: fg=0,0,0 bg=112,0,0 ft=fixed
s##7: fg=0,0,0 bg=112,0,0 ft=fixed
s##7Bfa02: fg=0,0,0 bg=123,250,2 ft=fixed
s##7bEc: fg=0,0,0 bg=123,236,0 ft=fixed
s##81c: fg=0,0,0 bg=129,192,0 ft=fixed
s##821C: fg=0,0,0 bg=130,28,0 ft=fixed
s##89e: fg=0,0,0 bg=137,224,0 ft=fixed
s##8A: fg=0,0,0 bg=138,0,0 ft=fixed
s##8A0b5: fg=0,0,0 bg=138,11,80 ft=fixed
s##8E52c: fg=0,0,0 bg=142,82,192 ft=fixed
s##8cE70: fg=0,0,0 bg=140,231,0 ft=fixed
s##9: fg=0,0,0 bg=144,0,0 ft=fixed
s##9: fg=0,0,0 bg=144,0,0 ft=fixed
s##90: fg=0,0,0 bg=144,0,0 ft=fixed
s##90DBd: fg=0,0,0 bg=144,219,208 ft=fixed
s##9Ed8: fg=0,0,0 bg=158,216,0 ft=fixed
s##A: fg=0,0,0 bg=160,0,0 ft=fixed
s##A: fg=0,0,0 bg=160,0,0 ft=fixed
s##A0: fg=0,0,0 bg=160,0,0 ft=fixed
s##A7B0F: fg=0,0,0 bg=167,176,240 ft=fixed
s##B0d: fg=0,0,0 bg=176,208,0 ft=fixed
s##B9C: fg=0,0,0 bg=185,192,0 ft=fixed
s##BD8dF2: fg=0,0,0 bg=189,141,242 ft=fixed
s##BFBBc: fg=0,0,0 bg=191,187,192 ft=fixed
s##BafBD7: fg=0,0,0 bg=186,251,215 ft=fixed
s##Be: fg=0,0,0 bg=190,0,0 ft=fixed
s##C: fg=0,0,0 bg=192,0,0 ft=fixed
s##C: fg=0,0,0 bg=192,0,0 ft=fixed
s##C5fEf: fg=0,0,0 bg=197,254,240 ft=fixed
s##C8cf: fg=0,0,0 bg=200,207,0 ft=fixed
s##CC: fg=0,0,0 bg=204,0,0 ft=fixed
s##D25F2: fg=0,0,0 bg=210,95,32 ft=fixed
s##D7E7: fg=0,0,0 bg=215,231,0 ft=fixed
s##DC8: fg=0,0,0 bg=220,128,0 ft=fixed
s##DbDFe: fg=0,0,0 bg=219,223,224 ft=fixed
s##E3d5e: fg=0,0,0 bg=227,213,224 ft=fixed
s##E3dC: fg=0,0,0 bg=227,220,0 ft=fixed
s##E46: fg=0,0,0 bg=228,96,0 ft=fixed
s##E5eD9: fg=0,0,0 bg=229,237,144 ft=fixed
s##EDA: fg=0,0,0 bg=237,160,0 ft=fixed
s##EFB8e: fg=0,0,0 bg=239,184,224 ft=fixed
s##EFb73: fg=0,0,0 bg=239,183,48 ft=fixed
s##Ecb6: fg=0,0,0 bg=236,182,0 ft=fixed
s##Edd: fg=0,0,0 bg=237,208,0 ft=fixed
s##F: fg=0,0,0 bg=240,0,0 ft=fixed
s##F3bDEe: fg=0,0,0 bg=243,189,238 ft=fixed
s##F56: fg=0,0,0 bg=245,96,0 ft=fixed
s##F663fF: fg=0,0,0 bg=246,99,255 ft=fixed
s##F9: fg=0,0,0 bg=249,0,0 ft=fixed
s##F9c: fg=0,0,0 bg=249,192,0 ft=fixed
s##a: fg=0,0,0 bg=160,0,0 ft=fixed
s##a: fg=0,0,0 bg=160,0,0 ft=fixed
s##a: fg=0,0,0 bg=160,0,0 ft=fixed
s##a2ab5: fg=0,0,0 bg=162,171,80 ft=fixed
s##a3d94b: fg=0,0,0 bg=163,217,75 ft=fixed
s##aE8DB: fg=0,0,0 bg=174,141,176 ft=fixed
s##aF0b: fg=0,0,0 bg=175,11,0 ft=fixed
s##abD: fg=0,0,0 bg=171,208,0 ft=fixed
s##b3dD: fg=0,0,0 bg=179,221,0 ft=fixed
s##b53B: fg=0,0,0 bg=181,59,0 ft=fixed
s##bAEeb7: fg=0,0,0 bg=186,238,183 ft=fixed
s##bCD4: fg=0,0,0 bg=188,212,0 ft=fixed
s##bcdf76: fg=0,0,0 bg=188,223,118 ft=fixed
s##bf2DE: fg=0,0,0 bg=191,45,224 ft=fixed
s##bfF4e: fg=0,0,0 bg=191,244,224 ft=fixed
s##c6: fg=0,0,0 bg=198,0,0 ft=fixed
s##cf5B: fg=0,0,0 bg=207,91,0 ft=fixed
s##d3E02: fg=0,0,0 bg=211,224,32 ft=fixed
s##dE: fg=0,0,0 bg=222,0,0 ft=fixed
s##dbF: fg=0,0,0 bg=219,240,0 ft=fixed
s##e: fg=0,0,0 bg=224,0,0 ft=fixed
s##eCbF8F: fg=0,0,0 bg=236,191,143 ft=fixed
s##eD5Fb: fg=0,0,0 bg=237,95,176 ft=fixed
s##eaf405: fg=0,0,0 bg=234,244,5 ft=fixed
s##ec3a6: fg=0,0,0 bg=236,58,96 ft=fixed
s##ef: fg=0,0,0 bg=239,0,0 ft=fixed
s##f: fg=0,0,0 bg=240,0,0 ft=fixed
s##f: fg=0,0,0 bg=240,0,0 ft=fixed
s##f41: fg=0,0,0 bg=244,16,0 ft=fixed
s##f67: fg=0,0,0 bg=246,112,0 ft=fixed
s##fCAe: fg=0,0,0 bg=252,174,0 ft=fixed
s##fD9c: fg=0,0,0 bg=253,156,0 ft=fixed
s##fF324a: fg=0,0,0 bg=255,50,74 ft=fixed
s##fFf5: fg=0,0,0 bg=255,245,0 ft=fixed
s##fa07: fg=0,0,0 bg=250,7,0 ft=fixed
s##fd: fg=0,0,0 bg=253,0,0 ft=fixed
s#0#: fg=0,0,0 bg=0,0,0 ft=fixed
s#0#: fg=0,0,0 bg=0,0,0 ft=fixed
s#0#0fe: fg=0,0,0 bg=15,224,0 ft=fixed
s#0#1D31: fg=0,0,0 bg=29,49,0 ft=fixed
s#0#87D: fg=0,0,0 bg=135,208,0 ft=fixed
s#0#8fc5: fg=0,0,0 bg=143,197,0 ft=fixed
s#0#9Fc7c: fg=0,0,0 bg=159,199,192 ft=fixed
s#0#Ed: fg=0,0,0 bg=237,0,0 ft=fixed
s#0197Be#ABac: fg=1,151,190 bg=171,172,0 ft=fixed
s#01DaA9#8: fg=1,218,169 bg=128,0,0 ft=fixed
s#02fc#a4C: fg=2,252,0 bg=164,192,0 ft=fixed
s#04FC#BDe65: fg=4,252,0 bg=189,230,80 ft=fixed
s#04c#8285e: fg=4,192,0 bg=130,133,224 ft=fixed
s#05E17#0: fg=5,225,112 bg=0,0,0 ft=fixed
s#068040#3BD: fg=6,128,64 bg=59,208,0 ft=fixed
s#07a6D9#C5B: fg=7,166,217 bg=197,176,0 ft=fixed
s#080F#7c: fg=8,15,0 bg=124,0,0 ft=fixed
s#08Bac#6: fg=8,186,192 bg=96,0,0 ft=fixed
s#08e#: fg=8,224,0 bg=0,0,0 ft=fixed
s#092#37eBF: fg=9,32,0 bg=55,235,240 ft=fixed
s#093#C: fg=9,48,0 bg=192,0,0 ft=fixed
s#0A4F#FF: fg=10,79,0 bg=255,0,0 ft=fixed
s#0AcbC2#620: fg=10,203,194 bg=98,0,0 ft=fixed
s#0Ad#b02A: fg=10,208,0 bg=176,42,0 ft=fixed
s#0B#d4495: fg=11,0,0 bg=212,73,80 ft=fixed
s#0B#f1C10: fg=11,0,0 bg=241,193,0 ft=fixed
s#0B93#: fg=11,147,0 bg=0,0,0 ft=fixed
s#0Be#: fg=11,224,0 bg=0,0,0 ft=fixed
s#0C#ACd2: fg=12,0,0 bg=172,210,0 ft=fixed
s#0Daff#64: fg=13,175,240 bg=100,0,0 ft=fixed
s#0F#d54Aa: fg=15,0,0 bg=213,74,160 ft=fixed
s#0a3#E: fg=10,48,0 bg=224,0,0 ft=fixed
s#0e0B64#9fA8: fg=14,11,100 bg=159,168,0 ft=fixed
s#0e5a#9caB: fg=14,90,0 bg=156,171,0 ft=fixed
s#0f161#20B4: fg=15,22,16 bg=32,180,0 ft=fixed
s#0fa05D#9: fg=15,160,93 bg=144,0,0 ft=fixed
s#1#: fg=16,0,0 bg=0,0,0 ft=fixed
s#1#0: fg=16,0,0 bg=0,0,0 ft=fixed
s#1#1cC: fg=16,0,0 bg=28,192,0 ft=fixed
s#1#3a0D67: fg=16,0,0 bg=58,13,103 ft=fixed
s#1#40: fg=16,0,0 bg=64,0,0 ft=fixed
s#1#7: fg=16,0,0 bg=112,0,0 ft=fixed
s#1#8: fg=16,0,0 bg=128,0,0 ft=fixed
s#1#94: fg=16,0,0 bg=148,0,0 ft=fixed
s#1#A: fg=16,0,0 bg=160,0,0 ft=fixed
s#1#A: fg=16,0,0 bg=160,0,0 ft=fixed
s#1#aE8b2: fg=16,0,0 bg=174,139,32 ft=fixed
s#1#bACA3: fg=16,0,0 bg=186,202,48 ft=fixed
s#1#e3: fg=16,0,0 bg=227,0,0 ft=fixed
s#1#f67: fg=16,0,0 bg=246,112,0 ft=fixed
s#10#4e: fg=16,0,0 bg=78,0,0 ft=fixed
s#102cDF#c: fg=16,44,223 bg=192,0,0 ft=fixed
s#10a5#5DC5: fg=16,165,0 bg=93,197,0 ft=fixed
s#118D8#c3fc1: fg=17,141,128 bg=195,252,16 ft=fixed
s#11ABA5#e: fg=17,171,165 bg=224,0,0 ft=fixed
s#11a#d3e08: fg=17,160,0 bg=211,224,128 ft=fixed
s#13#EA: fg=19,0,0 bg=234,0,0 ft=fixed
s#13F42#A7Afd: fg=19,244,32 bg=167,175,208 ft=fixed
s#1489#a: fg=20,137,0 bg=160,0,0 ft=fixed
s#154961#a: fg=21,73,97 bg=160,0,0 ft=fixed
s#15667a#: fg=21,102,122 bg=0,0,0 ft=fixed
s#15DdD0#33a1Bd: fg=21,221,208 bg=51,161,189 ft=fixed
s#17#3dfD: fg=23,0,0 bg=61,253,0 ft=fixed
s#17#4: fg=23,0,0 bg=64,0,0 ft=fixed
s#17AbCD#8cf3e: fg=23,171,205 bg=140,243,224 ft=fixed
s#17e2B#6cA: fg=23,226,176 bg=108,160,0 ft=fixed
s#1A#DA45: fg=26,0,0 bg=218,69,0 ft=fixed
s#1A8#3: fg=26,128,0 bg=48,0,0 ft=fixed
s#1AF#: fg=26,240,0 bg=0,0,0 ft=fixed
s#1C#578Bb: fg=28,0,0 bg=87,139,176 ft=fixed
s#1C#DdDE5B: fg=28,0,0 bg=221,222,91 ft=fixed
s#1DE#7B3: fg=29,224,0 bg=123,48,0 ft=fixed
s#1DEFC#eF7C0: fg=29,239,192 bg=239,124,0 ft=fixed
s#1EAB#aAAeFc: fg=30,171,0 bg=170,174,252 ft=fixed
s#1Ed7#D2CE3: fg=30,215,0 bg=210,206,48 ft=fixed
s#1Ef17#E38a4c: fg=30,241,112 bg=227,138,76 ft=fixed
s#1FB5f#9b: fg=31,181,240 bg=155,0,0 ft=fixed
s#1cF9#DAa5: fg=28,249,0 bg=218,165,0 ft=fixed
s#1cee#c295: fg=28,238,0 bg=194,149,0 ft=fixed
s#1df0#D: fg=29,240,0 bg=208,0,0 ft=fixed
s#1e#: fg=30,0,0 bg=0,0,0 ft=fixed
s#1ecD1#e9Ee: fg=30,205,16 bg=233,238,0 ft=fixed
s#1fC7b4#: fg=31,199,180 bg=0,0,0 ft=fixed
s#2#: fg=32,0,0 bg=0,0,0 ft=fixed
s#2#291D: fg=32,0,0 bg=41,29,0 ft=fixed
s#2#341cb: fg=32,0,0 bg=52,28,176 ft=fixed
s#2#AA5AC: fg=32,0,0 bg=170,90,192 ft=fixed
s#2#B: fg=32,0,0 bg=176,0,0 ft=fixed
s#2#C9C: fg=32,0,0 bg=201,192,0 ft=fixed
s#2#fb1CE: fg=32,0,0 bg=251,28,224 ft=fixed
s#210#cfFDD6: fg=33,0,0 bg=207,253,214 ft=fixed
s#21C8cb#ea7: fg=33,200,203 bg=234,112,0 ft=fixed
s#23#6: fg=35,0,0 bg=96,0,0 ft=fixed
s#23#bfD79: fg=35,0,0 bg=191,215,144 ft=fixed
s#23Ad#: fg=35,173,0 bg=0,0,0 ft=fixed
s#23Ef4B#9: fg=35,239,75 bg=144,0,0 ft=fixed
s#23c09#bdD: fg=35,192,144 bg=189,208,0 ft=fixed
s#23d9#4c2: fg=35,217,0 bg=76,32,0 ft=fixed
s#251Fa9#FdbDDD: fg=37,31,169 bg=253,189,221 ft=fixed
s#26#: fg=38,0,0 bg=0,0,0 ft=fixed
s#26dFBB#e5399: fg=38,223,187 bg=229,57,144 ft=fixed
s#277C4d#0: fg=39,124,77 bg=0,0,0 ft=fixed
s#2781#4: fg=39,129,0 bg=64,0,0 ft=fixed
s#27Ec#90927f: fg=39,236,0 bg=144,146,127 ft=fixed
s#27a3#D9b88: fg=39,163,0 bg=217,184,128 ft=fixed
s#28#: fg=40,0,0 bg=0,0,0 ft=fixed
s#28dFb#4cC32: fg=40,223,176 bg=76,195,32 ft=fixed
s#290f1E#E: fg=41,15,30 bg=224,0,0 ft=fixed
s#297f0#6637: fg=41,127,0 bg=102,55,0 ft=fixed
s#29C#: fg=41,192,0 bg=0,0,0 ft=fixed
s#2A#CdB6bb: fg=42,0,0 bg=205,182,187 ft=fixed
s#2A1e#1E9907: fg=42,30,0 bg=30,153,7 ft=fixed
s#2B5f31#6e: fg=43,95,49 bg=110,0,0 ft=fixed
s#2B8D0#: fg=43,141,0 bg=0,0,0 ft=fixed
s#2C#2699a3: fg=44,0,0 bg=38,153,163 ft=fixed
s#2C#c5EE5a: fg=44,0,0 bg=197,238,90 ft=fixed
s#2C1F2#2: fg=44,31,32 bg=32,0,0 ft=fixed
s#2C8#6: fg=44,128,0 bg=96,0,0 ft=fixed
s#2CA#ce: fg=44,160,0 bg=206,0,0 ft=fixed
s#2F2bcC#aFF2D: fg=47,43,204 bg=175,242,208 ft=fixed
s#2a#8823b: fg=42,0,0 bg=136,35,176 ft=fixed
s#2bD#2CcE5: fg=43,208,0 bg=44,206,80 ft=fixed
s#2c#c: fg=44,0,0 bg=192,0,0 ft=fixed
s#2cDA8#87d: fg=44,218,128 bg=135,208,0 ft=fixed
s#2e#2: fg=46,0,0 bg=32,0,0 ft=fixed
s#2e4aa#: fg=46,74,160 bg=0,0,0 ft=fixed
s#2fC77#DCf72c: fg=47,199,112 bg=220,247,44 ft=fixed
s#3#2Fa2e: fg=48,0,0 bg=47,162,224 ft=fixed
s#3#8e2C: fg=48,0,0 bg=142,44,0 ft=fixed
s#3#F8: fg=48,0,0 bg=248,0,0 ft=fixed
s#3#a7E4: fg=48,0,0 bg=167,228,0 ft=fixed
s#3#bD9: fg=48,0,0 bg=189,144,0 ft=fixed
s#3#d7: fg=48,0,0 bg=215,0,0 ft=fixed
s#30#: fg=48,0,0 bg=0,0,0 ft=fixed
s#32#: fg=50,0,0 bg=0,0,0 ft=fixed
s#32#0: fg=50,0,0 bg=0,0,0 ft=fixed
s#324ee#C1De7b: fg=50,78,224 bg=193,222,123 ft=fixed
s#33#1c2F3: fg=51,0,0 bg=28,47,48 ft=fixed
s#337#CD: fg=51,112,0 bg=205,0,0 ft=fixed
s#33F#02A: fg=51,240,0 bg=2,160,0 ft=fixed
s#344#dc: fg=52,64,0 bg=220,0,0 ft=fixed
s#35e9d#e0D23F: fg=53,233,208 bg=224,210,63 ft=fixed
s#365Bf#C: fg=54,91,240 bg=192,0,0 ft=fixed
s#37697#6: fg=55,105,112 bg=96,0,0 ft=fixed
s#37edc8#DcB2Dd: fg=55,237,200 bg=220,178,221 ft=fixed
s#3858#bB: fg=56,88,0 bg=187,0,0 ft=fixed
s#39#aDA1B: fg=57,0,0 bg=173,161,176 ft=fixed
s#39D9#a4: fg=57,217,0 bg=164,0,0 ft=fixed
s#3AA#4794a: fg=58,160,0 bg=71,148,160 ft=fixed
s#3AF1#9b0: fg=58,241,0 bg=155,0,0 ft=fixed
s#3B446#9d9cb4: fg=59,68,96 bg=157,156,180 ft=fixed
s#3DcdC8#: fg=61,205,200 bg=0,0,0 ft=fixed
s#3E#6C: fg=62,0,0 bg=108,0,0 ft=fixed
s#3E92#C7: fg=62,146,0 bg=199,0,0 ft=fixed
s#3EbdA3#05: fg=62,189,163 bg=5,0,0 ft=fixed
s#3FeAa5#A: fg=63,234,165 bg=160,0,0 ft=fixed
s#3d#B55e7: fg=61,0,0 bg=181,94,112 ft=fixed
s#3f2E4#D: fg=63,46,64 bg=208,0,0 ft=fixed
s#4#: fg=64,0,0 bg=0,0,0 ft=fixed
s#4#1Fb59: fg=64,0,0 bg=31,181,144 ft=fixed
s#4#4EF: fg=64,0,0 bg=78,240,0 ft=fixed
s#4#9: fg=64,0,0 bg=144,0,0 ft=fixed
s#4#bfDA: fg=64,0,0 bg=191,218,0 ft=fixed
s#4#d8b: fg=64,0,0 bg=216,176,0 ft=fixed
s#4#f8efd: fg=64,0,0 bg=248,239,208 ft=fixed
s#40#22a4fd: fg=64,0,0 bg=34,164,253 ft=fixed
s#40B49d#49: fg=64,180,157 bg=73,0,0 ft=fixed
s#41#: fg=65,0,0 bg=0,0,0 ft=fixed
s#41B#0EEAc7: fg=65,176,0 bg=14,234,199 ft=fixed
s#43DE#9: fg=67,222,0 bg=144,0,0 ft=fixed
s#43Dd7#Ef: fg=67,221,112 bg=239,0,0 ft=fixed
s#44db#4b: fg=68,219,0 bg=75,0,0 ft=fixed
s#45#7719: fg=69,0,0 bg=119,25,0 ft=fixed
s#45F21C#C2B2: fg=69,242,28 bg=194,178,0 ft=fixed
s#4723a#c4D8a: fg=71,35,160 bg=196,216,160 ft=fixed
s#47Ac4e#dbae: fg=71,172,78 bg=219,174,0 ft=fixed
s#47F98B#d594E: fg=71,249,139 bg=213,148,224 ft=fixed
s#48Bc#bcbE: fg=72,188,0 bg=188,190,0 ft=fixed
s#48f1E7#E41: fg=72,241,231 bg=228,16,0 ft=fixed
s#48f47C#EEBc: fg=72,244,124 bg=238,188,0 ft=fixed
s#4B6#8: fg=75,96,0 bg=128,0,0 ft=fixed
s#4B7#4: fg=75,112,0 bg=64,0,0 ft=fixed
s#4Bc#d3: fg=75,192,0 bg=211,0,0 ft=fixed
s#4Be#2: fg=75,224,0 bg=32,0,0 ft=fixed
s#4C7#b97c: fg=76,112,0 bg=185,124,0 ft=fixed
s#4D#04: fg=77,0,0 bg=4,0,0 ft=fixed
s#4E#b69: fg=78,0,0 bg=182,144,0 ft=fixed
s#4F#74: fg=79,0,0 bg=116,0,0 ft=fixed
s#4F31AB#d567: fg=79,49,171 bg=213,103,0 ft=fixed
s#4FB98#0D14: fg=79,185,128 bg=13,20,0 ft=fixed
s#4a#CBdC: fg=74,0,0 bg=203,220,0 ft=fixed
s#4aDAD0#2CD0: fg=74,218,208 bg=44,208,0 ft=fixed
s#4b1#D6: fg=75,16,0 bg=214,0,0 ft=fixed
s#4b1c#47: fg=75,28,0 bg=71,0,0 ft=fixed
s#4b25#0: fg=75,37,0 bg=0,0,0 ft=fixed
s#4bA46#3A: fg=75,164,96 bg=58,0,0 ft=fixed
s#4d0B#0f: fg=77,11,0 bg=15,0,0 ft=fixed
s#4d2e0d#FDbf7E: fg=77,46,13 bg=253,191,126 ft=fixed
s#4dB#c1Fa: fg=77,176,0 bg=193,250,0 ft=fixed
s#4dCB#: fg=77,203,0 bg=0,0,0 ft=fixed
s#4dc6#ed95: fg=77,198,0 bg=237,149,0 ft=fixed
s#4e#fe: fg=78,0,0 bg=254,0,0 ft=fixed
s#4e4CA#61cBA: fg=78,76,160 bg=97,203,160 ft=fixed
s#4eDcA#7a: fg=78,220,160 bg=122,0,0 ft=fixed
s#4f#3: fg=79,0,0 bg=48,0,0 ft=fixed
s#4f9A#: fg=79,154,0 bg=0,0,0 ft=fixed
s#5#: fg=80,0,0 bg=0,0,0 ft=fixed
s#5#1C7D: fg=80,0,0 bg=28,125,0 ft=fixed
s#5#2AA: fg=80,0,0 bg=42,160,0 ft=fixed
s#5#D: fg=80,0,0 bg=208,0,0 ft=fixed
s#5#fBef26: fg=80,0,0 bg=251,239,38 ft=fixed
s#51#D5: fg=81,0,0 bg=213,0,0 ft=fixed
s#5214#82: fg=82,20,0 bg=130,0,0 ft=fixed
s#528E#3E0: fg=82,142,0 bg=62,0,0 ft=fixed
s#53Ef84#B95: fg=83,239,132 bg=185,80,0 ft=fixed
s#542e#fDBD30: fg=84,46,0 bg=253,189,48 ft=fixed
s#54b8AD#172C: fg=84,184,173 bg=23,44,0 ft=fixed
s#54c4E3#03Cb: fg=84,196,227 bg=3,203,0 ft=fixed
s#54dA#2f3B: fg=84,218,0 bg=47,59,0 ft=fixed
s#55#dC9f: fg=85,0,0 bg=220,159,0 ft=fixed
s#554#b: fg=85,64,0 bg=176,0,0 ft=fixed
s#55CC#0: fg=85,204,0 bg=0,0,0 ft=fixed
s#56#c675b: fg=86,0,0 bg=198,117,176 ft=fixed
s#577dd#f: fg=87,125,208 bg=240,0,0 ft=fixed
s#58#a8298: fg=88,0,0 bg=168,41,128 ft=fixed
s#59ECB#7: fg=89,236,176 bg=112,0,0 ft=fixed
s#5A#FB: fg=90,0,0 bg=251,0,0 ft=fixed
s#5AB#a69dbE: fg=90,176,0 bg=166,157,190 ft=fixed
s#5B119e#66b5ef: fg=91,17,158 bg=102,181,239 ft=fixed
s#5B5a7#B9: fg=91,90,112 bg=185,0,0 ft=fixed
s#5BD8f7#Ab8: fg=91,216,247 bg=171,128,0 ft=fixed
s#5BF#F89: fg=91,240,0 bg=248,144,0 ft=fixed
s#5Eac80#602: fg=94,172,128 bg=96,32,0 ft=fixed
s#5Ee58d#: fg=94,229,141 bg=0,0,0 ft=fixed
s#5FA#A: fg=95,160,0 bg=160,0,0 ft=fixed
s#5bA8ef#1B4A0e: fg=91,168,239 bg=27,74,14 ft=fixed
s#5dFc#B: fg=93,252,0 bg=176,0,0 ft=fixed
s#5fFf#778: fg=95,255,0 bg=119,128,0 ft=fixed
s#5fbeEc#0DE2B8: fg=95,190,236 bg=13,226,184 ft=fixed
s#5fc#: fg=95,192,0 bg=0,0,0 ft=fixed
s#6#0c0C61: fg=96,0,0 bg=12,12,97 ft=fixed
s#6#36: fg=96,0,0 bg=54,0,0 ft=fixed
s#6#B7A56: fg=96,0,0 bg=183,165,96 ft=fixed
s#6#FCb6: fg=96,0,0 bg=252,182,0 ft=fixed
s#6#cA: fg=96,0,0 bg=202,0,0 ft=fixed
s#6#f: fg=96,0,0 bg=240,0,0 ft=fixed
s#6#f2A72d: fg=96,0,0 bg=242,167,45 ft=fixed
s#6#f3fa7a: fg=96,0,0 bg=243,250,122 ft=fixed
s#60#1F6: fg=96,0,0 bg=31,96,0 ft=fixed
s#60a6C#Ab0E58: fg=96,166,192 bg=171,14,88 ft=fixed
s#61#DAf6: fg=97,0,0 bg=218,246,0 ft=fixed
s#61C#: fg=97,192,0 bg=0,0,0 ft=fixed
s#61d#fD: fg=97,208,0 bg=253,0,0 ft=fixed
s#63#1: fg=99,0,0 bg=16,0,0 ft=fixed
s#6315#4: fg=99,21,0 bg=64,0,0 ft=fixed
s#66#683B5: fg=102,0,0 bg=104,59,80 ft=fixed
s#67#50B: fg=103,0,0 bg=80,176,0 ft=fixed
s#67#FB: fg=103,0,0 bg=251,0,0 ft=fixed
s#67Dd7#A5E: fg=103,221,112 bg=165,224,0 ft=fixed
s#68B#d3c238: fg=104,176,0 bg=211,194,56 ft=fixed
s#68C#eb5E9: fg=104,192,0 bg=235,94,144 ft=fixed
s#68Ed5#: fg=104,237,80 bg=0,0,0 ft=fixed
s#69A#: fg=105,160,0 bg=0,0,0 ft=fixed
s#6A31#f: fg=106,49,0 bg=240,0,0 ft=fixed
s#6AC47A#a: fg=106,196,122 bg=160,0,0 ft=fixed
s#6B8F#93: fg=107,143,0 bg=147,0,0 ft=fixed
s#6C#ba: fg=108,0,0 bg=186,0,0 ft=fixed
s#6DF0F#B: fg=109,240,240 bg=176,0,0 ft=fixed
s#6EB#A: fg=110,176,0 bg=160,0,0 ft=fixed
s#6EdB05#: fg=110,219,5 bg=0,0,0 ft=fixed
s#6F2600#dC: fg=111,38,0 bg=220,0,0 ft=fixed
s#6FF#2e: fg=111,240,0 bg=46,0,0 ft=fixed
s#6b#Ca: fg=107,0,0 bg=202,0,0 ft=fixed
s#6bE2f3#e8acCd: fg=107,226,243 bg=232,172,205 ft=fixed
s#6d#0a2C2A: fg=109,0,0 bg=10,44,42 ft=fixed
s#6d29B#e0a85: fg=109,41,176 bg=224,168,80 ft=fixed
s#6dD#Fcc6A: fg=109,208,0 bg=252,198,160 ft=fixed
s#7#7b: fg=112,0,0 bg=123,0,0 ft=fixed
s#7#8e9: fg=112,0,0 bg=142,144,0 ft=fixed
s#7#92E9EE: fg=112,0,0 bg=146,233,238 ft=fixed
s#70EdAD#b19bC7: fg=112,237,173 bg=177,155,199 ft=fixed
s#70dA#e69F0: fg=112,218,0 bg=230,159,0 ft=fixed
s#7177B#: fg=113,119,176 bg=0,0,0 ft=fixed
s#72#: fg=114,0,0 bg=0,0,0 ft=fixed
s#72CCC#811ed: fg=114,204,192 bg=129,30,208 ft=fixed
s#73#: fg=115,0,0 bg=0,0,0 ft=fixed
s#73a2F#A2cE2: fg=115,162,240 bg=162,206,32 ft=fixed
s#73b#2c4B0: fg=115,176,0 bg=44,75,0 ft=fixed
s#744E#6: fg=116,78,0 bg=96,0,0 ft=fixed
s#75#235B39: fg=117,0,0 bg=35,91,57 ft=fixed
s#75564B#8: fg=117,86,75 bg=128,0,0 ft=fixed
s#75Fc8E#AD7DE9: fg=117,252,142 bg=173,125,233 ft=fixed
s#765c#1AdB: fg=118,92,0 bg=26,219,0 ft=fixed
s#770008#9e4: fg=119,0,8 bg=158,64,0 ft=fixed
s#771D#bE3: fg=119,29,0 bg=190,48,0 ft=fixed
s#77EaA7#BE: fg=119,234,167 bg=190,0,0 ft=fixed
s#77acD#77a: fg=119,172,208 bg=119,160,0 ft=fixed
s#783#dCbbC0: fg=120,48,0 bg=220,187,192 ft=fixed
s#788f#96e: fg=120,143,0 bg=150,224,0 ft=fixed
s#78Ac64#39a3de: fg=120,172,100 bg=57,163,222 ft=fixed
s#78EEFa#FcD: fg=120,238,250 bg=252,208,0 ft=fixed
s#79#: fg=121,0,0 bg=0,0,0 ft=fixed
s#79c74f#F: fg=121,199,79 bg=240,0,0 ft=fixed
s#7AEC#: fg=122,236,0 bg=0,0,0 ft=fixed
s#7B1#0bE: fg=123,16,0 bg=11,224,0 ft=fixed
s#7C8#30670: fg=124,128,0 bg=48,103,0 ft=fixed
s#7D3#7: fg=125,48,0 bg=112,0,0 ft=fixed
s#7E14#B6dE6e: fg=126,20,0 bg=182,222,110 ft=fixed
s#7Ed0aE#BF: fg=126,208,174 bg=191,0,0 ft=fixed
s#7Ef8F7#B: fg=126,248,247 bg=176,0,0 ft=fixed
s#7F#: fg=127,0,0 bg=0,0,0 ft=fixed
s#7a39C3#dA0: fg=122,57,195 bg=218,0,0 ft=fixed
s#7b1#: fg=123,16,0 bg=0,0,0 ft=fixed
s#7bCEf5#62D37: fg=123,206,245 bg=98,211,112 ft=fixed
s#7baDE4#dfFF: fg=123,173,228 bg=223,255,0 ft=fixed
s#7c83#E306: fg=124,131,0 bg=227,6,0 ft=fixed
s#7d#35e4: fg=125,0,0 bg=53,228,0 ft=fixed
s#7f4B#5: fg=127,75,0 bg=80,0,0 ft=fixed
s#7f6#15a: fg=127,96,0 bg=21,160,0 ft=fixed
s#8#: fg=128,0,0 bg=0,0,0 ft=fixed
s#8#: fg=128,0,0 bg=0,0,0 ft=fixed
s#8#073A8: fg=128,0,0 bg=7,58,128 ft=fixed
s#8#6: fg=128,0,0 bg=96,0,0 ft=fixed
s#8#9: fg=128,0,0 bg=144,0,0 ft=fixed
s#8#c: fg=128,0,0 bg=192,0,0 ft=fixed
s#8#d9: fg=128,0,0 bg=217,0,0 ft=fixed
s#806908#D401F: fg=128,105,8 bg=212,1,240 ft=fixed
s#817E#6e16: fg=129,126,0 bg=110,22,0 ft=fixed
s#81FB2#: fg=129,251,32 bg=0,0,0 ft=fixed
s#83#aD3A4: fg=131,0,0 bg=173,58,64 ft=fixed
s#85fc5D#Ea21E: fg=133,252,93 bg=234,33,224 ft=fixed
s#861673#CFe: fg=134,22,115 bg=207,224,0 ft=fixed
s#876B#2: fg=135,107,0 bg=32,0,0 ft=fixed
s#87D0fE#7eE869: fg=135,208,254 bg=126,232,105 ft=fixed
s#88#: fg=136,0,0 bg=0,0,0 ft=fixed
s#8930#EfB7b2: fg=137,48,0 bg=239,183,178 ft=fixed
s#898#38: fg=137,128,0 bg=56,0,0 ft=fixed
s#8981#512b: fg=137,129,0 bg=81,43,0 ft=fixed
s#89E9#cb9: fg=137,233,0 bg=203,144,0 ft=fixed
s#8ABBc#ac: fg=138,187,192 bg=172,0,0 ft=fixed
s#8Ab4#f: fg=138,180,0 bg=240,0,0 ft=fixed
s#8Ba1#fcF317: fg=139,161,0 bg=252,243,23 ft=fixed
s#8Beab7#Db00: fg=139,234,183 bg=219,0,0 ft=fixed
s#8CB#4DeF3: fg=140,176,0 bg=77,239,48 ft=fixed
s#8EC681#EBb1E: fg=142,198,129 bg=235,177,224 ft=fixed
s#8F#aD: fg=143,0,0 bg=173,0,0 ft=fixed
s#8FaDD8#FBDbf: fg=143,173,216 bg=251,219,240 ft=fixed
s#8a91B#fE9: fg=138,145,176 bg=254,144,0 ft=fixed
s#8b41A8#aedf: fg=139,65,168 bg=174,223,0 ft=fixed
s#8b8f#12: fg=139,143,0 bg=18,0,0 ft=fixed
s#8bdC7e#a5f: fg=139,220,126 bg=165,240,0 ft=fixed
s#8c#11C5f: fg=140,0,0 bg=17,197,240 ft=fixed
s#8dC8f#F2f4B1: fg=141,200,240 bg=242,244,177 ft=fixed
s#8dd35#18e: fg=141,211,80 bg=24,224,0 ft=fixed
s#8f#: fg=143,0,0 bg=0,0,0 ft=fixed
s#8f5b#d: fg=143,91,0 bg=208,0,0 ft=fixed
s#8fDe#C1D: fg=143,222,0 bg=193,208,0 ft=fixed
s#9#2: fg=144,0,0 bg=32,0,0 ft=fixed
s#9#2a9: fg=144,0,0 bg=42,144,0 ft=fixed
s#9#3d9: fg=144,0,0 bg=61,144,0 ft=fixed
s#9#AB42d: fg=144,0,0 bg=171,66,208 ft=fixed
s#9#DE4: fg=144,0,0 bg=222,64,0 ft=fixed
s#9#De8: fg=144,0,0 bg=222,128,0 ft=fixed
s#9#cB: fg=144,0,0 bg=203,0,0 ft=fixed
s#9#e: fg=144,0,0 bg=224,0,0 ft=fixed
s#90B2#AbBd: fg=144,178,0 bg=171,189,0 ft=fixed
s#91#90: fg=145,0,0 bg=144,0,0 ft=fixed
s#914#8cFB2b: fg=145,64,0 bg=140,251,43 ft=fixed
s#93#BfEDf: fg=147,0,0 bg=191,237,240 ft=fixed
s#93#DcCC: fg=147,0,0 bg=220,204,0 ft=fixed
s#942B#DD702F: fg=148,43,0 bg=221,112,47 ft=fixed
s#94A#2DAc: fg=148,160,0 bg=45,172,0 ft=fixed
s#94E4a2#A8002: fg=148,228,162 bg=168,0,32 ft=fixed
s#94E76#F7C29: fg=148,231,96 bg=247,194,144 ft=fixed
s#9593#B5: fg=149,147,0 bg=181,0,0 ft=fixed
s#95E#b: fg=149,224,0 bg=176,0,0 ft=fixed
s#98#a: fg=152,0,0 bg=160,0,0 ft=fixed
s#986c4#: fg=152,108,64 bg=0,0,0 ft=fixed
s#989ed0#c: fg=152,158,208 bg=192,0,0 ft=fixed
s#99E8f#7: fg=153,232,240 bg=112,0,0 ft=fixed
s#9A8c#E: fg=154,140,0 bg=224,0,0 ft=fixed
s#9C7#4be: fg=156,112,0 bg=75,224,0 ft=fixed
s#9DD#94f07: fg=157,208,0 bg=148,240,112 ft=fixed
s#9ED#6: fg=158,208,0 bg=96,0,0 ft=fixed
s#9F#95: fg=159,0,0 bg=149,0,0 ft=fixed
s#9Fa#0E5eB2: fg=159,160,0 bg=14,94,178 ft=fixed
s#9FaF6#BFf: fg=159,175,96 bg=191,240,0 ft=fixed
s#9a02#476: fg=154,2,0 bg=71,96,0 ft=fixed
s#9a6#93F8ea: fg=154,96,0 bg=147,248,234 ft=fixed
s#9b#: fg=155,0,0 bg=0,0,0 ft=fixed
s#9bA4a#FFD: fg=155,164,160 bg=255,208,0 ft=fixed
s#9bD15#a: fg=155,209,80 bg=160,0,0 ft=fixed
s#9ca3d#a0614c: fg=156,163,208 bg=160,97,76 ft=fixed
s#9dc8#49bf: fg=157,200,0 bg=73,191,0 ft=fixed
s#9fB#b04A: fg=159,176,0 bg=176,74,0 ft=fixed
s#9fbF#2ec1: fg=159,191,0 bg=46,193,0 ft=fixed
s#A#: fg=160,0,0 bg=0,0,0 ft=fixed
s#A#: fg=160,0,0 bg=0,0,0 ft=fixed
s#A#8E13E6: fg=160,0,0 bg=142,19,230 ft=fixed
s#A#A1FEc0: fg=160,0,0 bg=161,254,192 ft=fixed
s#A#CE: fg=160,0,0 bg=206,0,0 ft=fixed
s#A#FF6: fg=160,0,0 bg=255,96,0 ft=fixed
s#A#cA9: fg=160,0,0 bg=202,144,0 ft=fixed
s#A3#: fg=163,0,0 bg=0,0,0 ft=fixed
s#A4#c89B: fg=164,0,0 bg=200,155,0 ft=fixed
s#A401dA#CD0B3: fg=164,1,218 bg=205,11,48 ft=fixed
s#A41F#Dde74: fg=164,31,0 bg=221,231,64 ft=fixed
s#A42#FEa2B: fg=164,32,0 bg=254,162,176 ft=fixed
s#A4FDa#: fg=164,253,160 bg=0,0,0 ft=fixed
s#A4f#C75EFa: fg=164,240,0 bg=199,94,250 ft=fixed
s#A5#3: fg=165,0,0 bg=48,0,0 ft=fixed
s#A6#EaAaC: fg=166,0,0 bg=234,170,192 ft=fixed
s#A7394d#c882AF: fg=167,57,77 bg=200,130,175 ft=fixed
s#A8B7E#b32: fg=168,183,224 bg=179,32,0 ft=fixed
s#A97Aa8#d5: fg=169,122,168 bg=213,0,0 ft=fixed
s#AA#F6d0aA: fg=170,0,0 bg=246,208,170 ft=fixed
s#AAd6E3#5B4Cf: fg=170,214,227 bg=91,76,240 ft=fixed
s#ACaA1E#7d0: fg=172,170,30 bg=125,0,0 ft=fixed
s#ADa0e#CB429d: fg=173,160,224 bg=203,66,157 ft=fixed
s#AF5#Bb: fg=175,80,0 bg=187,0,0 ft=fixed
s#AF5#ab: fg=175,80,0 bg=171,0,0 ft=fixed
s#AFC#aBb8E: fg=175,192,0 bg=171,184,224 ft=fixed
s#AbAe#3F270: fg=171,174,0 bg=63,39,0 ft=fixed
s#Ac#50AC: fg=172,0,0 bg=80,172,0 ft=fixed
s#AcC5f#f7bC: fg=172,197,240 bg=247,188,0 ft=fixed
s#Ad#01A0: fg=173,0,0 bg=1,160,0 ft=fixed
s#Ad#aa: fg=173,0,0 bg=170,0,0 ft=fixed
s#Ad3#6b: fg=173,48,0 bg=107,0,0 ft=fixed
s#AdB95C#7a1: fg=173,185,92 bg=122,16,0 ft=fixed
s#AdD#19f8: fg=173,208,0 bg=25,248,0 ft=fixed
s#AeC41#4DAc0: fg=174,196,16 bg=77,172,0 ft=fixed
s#Af5C#CC3C24: fg=175,92,0 bg=204,60,36 ft=fixed
s#B#0: fg=176,0,0 bg=0,0,0 ft=fixed
s#B#3c: fg=176,0,0 bg=60,0,0 ft=fixed
s#B#83cF: fg=176,0,0 bg=131,207,0 ft=fixed
s#B#B: fg=176,0,0 bg=176,0,0 ft=fixed
s#B#EDD: fg=176,0,0 bg=237,208,0 ft=fixed
s#B#c: fg=176,0,0 bg=192,0,0 ft=fixed
s#B#ca9: fg=176,0,0 bg=202,144,0 ft=fixed
s#B#e: fg=176,0,0 bg=224,0,0 ft=fixed
s#B08b4#8ce: fg=176,139,64 bg=140,224,0 ft=fixed
s#B191b0#4D0: fg=177,145,176 bg=77,0,0 ft=fixed
s#B20#4327: fg=178,0,0 bg=67,39,0 ft=fixed
s#B2c56A#: fg=178,197,106 bg=0,0,0 ft=fixed
s#B3#Afb2C1: fg=179,0,0 bg=175,178,193 ft=fixed
s#B3f#6: fg=179,240,0 bg=96,0,0 ft=fixed
s#B4#E3f50: fg=180,0,0 bg=227,245,0 ft=fixed
s#B40#d: fg=180,0,0 bg=208,0,0 ft=fixed
s#B4C71#Ca3EE2: fg=180,199,16 bg=202,62,226 ft=fixed
s#B4Ca2D#56be1: fg=180,202,45 bg=86,190,16 ft=fixed
s#B51eD#fE81Cd: fg=181,30,208 bg=254,129,205 ft=fixed
s#B57#Ab: fg=181,112,0 bg=171,0,0 ft=fixed
s#B638#8ce2: fg=182,56,0 bg=140,226,0 ft=fixed
s#B6Bc7#a9: fg=182,188,112 bg=169,0,0 ft=fixed
s#B6Dac#5Fd: fg=182,218,192 bg=95,208,0 ft=fixed
s#B6ac#513: fg=182,172,0 bg=81,48,0 ft=fixed
s#B73C4d#59af: fg=183,60,77 bg=89,175,0 ft=fixed
s#B7Bf#b31B: fg=183,191,0 bg=179,27,0 ft=fixed
s#B8#3bdb0: fg=184,0,0 bg=59,219,0 ft=fixed
s#B9AEdb#42: fg=185,174,219 bg=66,0,0 ft=fixed
s#BA35#1dd73: fg=186,53,0 bg=29,215,48 ft=fixed
s#BAE5F3#979: fg=186,229,243 bg=151,144,0 ft=fixed
s#BB52B#d2: fg=187,82,176 bg=210,0,0 ft=fixed
s#BBC#fda: fg=187,192,0 bg=253,160,0 ft=fixed
s#BD52B#D6eaE: fg=189,82,176 bg=214,234,224 ft=fixed
s#BE1#EE0138: fg=190,16,0 bg=238,1,56 ft=fixed
s#Ba#5b86: fg=186,0,0 bg=91,134,0 ft=fixed
s#Ba#7ccE: fg=186,0,0 bg=124,206,0 ft=fixed
s#Baf3a#: fg=186,243,160 bg=0,0,0 ft=fixed
s#Bb603#62b798: fg=187,96,48 bg=98,183,152 ft=fixed
s#Bbc#a3a4D: fg=187,192,0 bg=163,164,208 ft=fixed
s#Bc#bADf: fg=188,0,0 bg=186,223,0 ft=fixed
s#BfBE#Fd: fg=191,190,0 bg=253,0,0 ft=fixed
s#C#: fg=192,0,0 bg=0,0,0 ft=fixed
s#C#: fg=192,0,0 bg=0,0,0 ft=fixed
s#C#: fg=192,0,0 bg=0,0,0 ft=fixed
s#C#0067: fg=192,0,0 bg=0,103,0 ft=fixed
s#C#2CbEC: fg=192,0,0 bg=44,190,192 ft=fixed
s#C#2f: fg=192,0,0 bg=47,0,0 ft=fixed
s#C#96: fg=192,0,0 bg=150,0,0 ft=fixed
s#C0658a#907: fg=192,101,138 bg=144,112,0 ft=fixed
s#C1118f#AcBC: fg=193,17,143 bg=172,188,0 ft=fixed
s#C17#e772: fg=193,112,0 bg=231,114,0 ft=fixed
s#C20#Fde: fg=194,0,0 bg=253,224,0 ft=fixed
s#C3#a: fg=195,0,0 bg=160,0,0 ft=fixed
s#C41#996D: fg=196,16,0 bg=153,109,0 ft=fixed
s#C8BaD3#ee: fg=200,186,211 bg=238,0,0 ft=fixed
s#CA#: fg=202,0,0 bg=0,0,0 ft=fixed
s#CADC#f4d4: fg=202,220,0 bg=244,212,0 ft=fixed
s#CAfD04#3B0: fg=202,253,4 bg=59,0,0 ft=fixed
s#CB#b: fg=203,0,0 bg=176,0,0 ft=fixed
s#CB535#8cF4d: fg=203,83,80 bg=140,244,208 ft=fixed
s#CBD8C4#cCa12: fg=203,216,196 bg=204,161,32 ft=fixed
s#CCB#ea24: fg=204,176,0 bg=234,36,0 ft=fixed
s#CDb#AF62e: fg=205,176,0 bg=175,98,224 ft=fixed
s#CDbc#114: fg=205,188,0 bg=17,64,0 ft=fixed
s#CE8EAD#4: fg=206,142,173 bg=64,0,0 ft=fixed
s#CEf#f72c: fg=206,240,0 bg=247,44,0 ft=fixed
s#Ca#153F: fg=202,0,0 bg=21,63,0 ft=fixed
s#Ca#D: fg=202,0,0 bg=208,0,0 ft=fixed
s#Caa#6d89e: fg=202,160,0 bg=109,137,224 ft=fixed
s#Cb#0794: fg=203,0,0 bg=7,148,0 ft=fixed
s#CbE#557AF6: fg=203,224,0 bg=85,122,246 ft=fixed
s#Cc#4d1: fg=204,0,0 bg=77,16,0 ft=fixed
s#Cc39d#c: fg=204,57,208 bg=192,0,0 ft=fixed
s#CcCF1#: fg=204,207,16 bg=0,0,0 ft=fixed
s#Ccacd#: fg=204,172,208 bg=0,0,0 ft=fixed
s#Ce#7: fg=206,0,0 bg=112,0,0 ft=fixed
s#Ce6f8b#2C: fg=206,111,139 bg=44,0,0 ft=fixed
s#Ce7A#96: fg=206,122,0 bg=150,0,0 ft=fixed
s#Cf54#3Ba0: fg=207,84,0 bg=59,160,0 ft=fixed
s#Cf8a6#57BF: fg=207,138,96 bg=87,191,0 ft=fixed
s#D#: fg=208,0,0 bg=0,0,0 ft=fixed
s#D#: fg=208,0,0 bg=0,0,0 ft=fixed
s#D#59BF72: fg=208,0,0 bg=89,191,114 ft=fixed
s#D#5B88: fg=208,0,0 bg=91,136,0 ft=fixed
s#D#6fC: fg=208,0,0 bg=111,192,0 ft=fixed
s#D#92E: fg=208,0,0 bg=146,224,0 ft=fixed
s#D#aeD8d: fg=208,0,0 bg=174,216,208 ft=fixed
s#D08B4#47: fg=208,139,64 bg=71,0,0 ft=fixed
s#D0f#8Fc0: fg=208,240,0 bg=143,192,0 ft=fixed
s#D1cF#fA: fg=209,207,0 bg=250,0,0 ft=fixed
s#D21AF4#99FFD4: fg=210,26,244 bg=153,255,212 ft=fixed
s#D30#: fg=211,0,0 bg=0,0,0 ft=fixed
s#D479#B2: fg=212,121,0 bg=178,0,0 ft=fixed
s#D64873#29c: fg=214,72,115 bg=41,192,0 ft=fixed
s#D652E#a7: fg=214,82,224 bg=167,0,0 ft=fixed
s#D7ea#1DE: fg=215,234,0 bg=29,224,0 ft=fixed
s#D8F#: fg=216,240,0 bg=0,0,0 ft=fixed
s#D9277D#d: fg=217,39,125 bg=208,0,0 ft=fixed
s#DA#20: fg=218,0,0 bg=32,0,0 ft=fixed
s#DA1c3#5f: fg=218,28,48 bg=95,0,0 ft=fixed
s#DAA6#6D: fg=218,166,0 bg=109,0,0 ft=fixed
s#DAC49#0: fg=218,196,144 bg=0,0,0 ft=fixed
s#DBEf#Be9cfF: fg=219,239,0 bg=190,156,255 ft=fixed
s#DC#6D0De: fg=220,0,0 bg=109,13,224 ft=fixed
s#DCb#e: fg=220,176,0 bg=224,0,0 ft=fixed
s#DD24#4: fg=221,36,0 bg=64,0,0 ft=fixed
s#DE1#: fg=222,16,0 bg=0,0,0 ft=fixed
s#DEe3D8#daC: fg=222,227,216 bg=218,192,0 ft=fixed
s#DEf7#6CC: fg=222,247,0 bg=108,192,0 ft=fixed
s#DF6#4BAd3: fg=223,96,0 bg=75,173,48 ft=fixed
s#DFcF7#81b: fg=223,207,112 bg=129,176,0 ft=fixed
s#DaBef4#: fg=218,190,244 bg=0,0,0 ft=fixed
s#Dbbf6E#8E: fg=219,191,110 bg=142,0,0 ft=fixed
s#Dc#fb7CBA: fg=220,0,0 bg=251,124,186 ft=fixed
s#DcD5C7#9: fg=220,213,199 bg=144,0,0 ft=fixed
s#De#4253C: fg=222,0,0 bg=66,83,192 ft=fixed
s#DeD6#b25804: fg=222,214,0 bg=178,88,4 ft=fixed
s#Dee8D#B: fg=222,232,208 bg=176,0,0 ft=fixed
s#Df75CB#4: fg=223,117,203 bg=64,0,0 ft=fixed
s#Df9#e: fg=223,144,0 bg=224,0,0 ft=fixed
s#E#: fg=224,0,0 bg=0,0,0 ft=fixed
s#E#: fg=224,0,0 bg=0,0,0 ft=fixed
s#E#106e: fg=224,0,0 bg=16,110,0 ft=fixed
s#E#3: fg=224,0,0 bg=48,0,0 ft=fixed
s#E#7: fg=224,0,0 bg=112,0,0 ft=fixed
s#E#88D: fg=224,0,0 bg=136,208,0 ft=fixed
s#E#93591: fg=224,0,0 bg=147,89,16 ft=fixed
s#E#cCc3fB: fg=224,0,0 bg=204,195,251 ft=fixed
s#E00#D7dE: fg=224,0,0 bg=215,222,0 ft=fixed
s#E0E48#cC2: fg=224,228,128 bg=204,32,0 ft=fixed
s#E0a89F#F7B557: fg=224,168,159 bg=247,181,87 ft=fixed
s#E0dE#4: fg=224,222,0 bg=64,0,0 ft=fixed
s#E6aCc#4: fg=230,172,192 bg=64,0,0 ft=fixed
s#E6d67#: fg=230,214,112 bg=0,0,0 ft=fixed
s#E90e#c: fg=233,14,0 bg=192,0,0 ft=fixed
s#E94#263: fg=233,64,0 bg=38,48,0 ft=fixed
s#EA7c#d0dFf8: fg=234,124,0 bg=208,223,248 ft=fixed
s#EBDb3C#0339: fg=235,219,60 bg=3,57,0 ft=fixed
s#ED06a#c2d: fg=237,6,160 bg=194,208,0 ft=fixed
s#EE#d: fg=238,0,0 bg=208,0,0 ft=fixed
s#EEEbA1#2d5941: fg=238,235,161 bg=45,89,65 ft=fixed
s#EFAe#c548: fg=239,174,0 bg=197,72,0 ft=fixed
s#Eb#7D: fg=235,0,0 bg=125,0,0 ft=fixed
s#Ebc7#: fg=235,199,0 bg=0,0,0 ft=fixed
s#Ec#7c02c: fg=236,0,0 bg=124,2,192 ft=fixed
s#Ee0Cc#d6d: fg=238,12,192 bg=214,208,0 ft=fixed
s#Ee7393#4EA4: fg=238,115,147 bg=78,164,0 ft=fixed
s#EeF#f38c: fg=238,240,0 bg=243,140,0 ft=fixed
s#EefF4#7: fg=238,255,64 bg=112,0,0 ft=fixed
s#F#: fg=240,0,0 bg=0,0,0 ft=fixed
s#F#: fg=240,0,0 bg=0,0,0 ft=fixed
s#F#08b: fg=240,0,0 bg=8,176,0 ft=fixed
s#F#7E08dE: fg=240,0,0 bg=126,8,222 ft=fixed
s#F#AD: fg=240,0,0 bg=173,0,0 ft=fixed
s#F#D8: fg=240,0,0 bg=216,0,0 ft=fixed
s#F#Ec6: fg=240,0,0 bg=236,96,0 ft=fixed
s#F#c1C: fg=240,0,0 bg=193,192,0 ft=fixed
s#F#e152: fg=240,0,0 bg=225,82,0 ft=fixed
s#F07A#E69151: fg=240,122,0 bg=230,145,81 ft=fixed
s#F10A3#D: fg=241,10,48 bg=208,0,0 ft=fixed
s#F1A#5b3ff: fg=241,160,0 bg=91,63,240 ft=fixed
s#F1f173#03B: fg=241,241,115 bg=3,176,0 ft=fixed
s#F2#: fg=242,0,0 bg=0,0,0 ft=fixed
s#F2b#ebB99: fg=242,176,0 bg=235,185,144 ft=fixed
s#F3#: fg=243,0,0 bg=0,0,0 ft=fixed
s#F316#a11D: fg=243,22,0 bg=161,29,0 ft=fixed
s#F42#b1: fg=244,32,0 bg=177,0,0 ft=fixed
s#F44#62: fg=244,64,0 bg=98,0,0 ft=fixed
s#F44b#7: fg=244,75,0 bg=112,0,0 ft=fixed
s#F496a#A79: fg=244,150,160 bg=167,144,0 ft=fixed
s#F5#A: fg=245,0,0 bg=160,0,0 ft=fixed
s#F6#1EB2: fg=246,0,0 bg=30,178,0 ft=fixed
s#F6#FD3b: fg=246,0,0 bg=253,59,0 ft=fixed
s#F655C#8dF1Bd: fg=246,85,192 bg=141,241,189 ft=fixed
s#F7#0a: fg=247,0,0 bg=10,0,0 ft=fixed
s#F76a8d#: fg=247,106,141 bg=0,0,0 ft=fixed
s#F78#aA: fg=247,128,0 bg=170,0,0 ft=fixed
s#F8fe#eebaf: fg=248,254,0 bg=238,186,240 ft=fixed
s#FB7FE#BB: fg=251,127,224 bg=187,0,0 ft=fixed
s#FC6e#b: fg=252,110,0 bg=176,0,0 ft=fixed
s#FD89#C26DE: fg=253,137,0 bg=194,109,224 ft=fixed
s#FE#34: fg=254,0,0 bg=52,0,0 ft=fixed
s#FE#92a9: fg=254,0,0 bg=146,169,0 ft=fixed
s#FEE#D4da: fg=254,224,0 bg=212,218,0 ft=fixed
s#FFA7d4#: fg=255,167,212 bg=0,0,0 ft=fixed
s#Fad8ef#8cbD8: fg=250,216,239 bg=140,189,128 ft=fixed
s#Fb7#c7d: fg=251,112,0 bg=199,208,0 ft=fixed
s#Fc60#932371: fg=252,96,0 bg=147,35,113 ft=fixed
s#FcE#fD12: fg=252,224,0 bg=253,18,0 ft=fixed
s#Fd#d6A: fg=253,0,0 bg=214,160,0 ft=fixed
s#FdB#528D: fg=253,176,0 bg=82,141,0 ft=fixed
s#Fda2#7eC2: fg=253,162,0 bg=126,194,0 ft=fixed
s#Fe#8: fg=254,0,0 bg=128,0,0 ft=fixed
s#a#3dF716: fg=160,0,0 bg=61,247,22 ft=fixed
s#a#d15D: fg=160,0,0 bg=209,93,0 ft=fixed
s#a25D3#dc: fg=162,93,48 bg=220,0,0 ft=fixed
s#a2F0F3#c4a60: fg=162,240,243 bg=196,166,0 ft=fixed
s#a3Cea#: fg=163,206,160 bg=0,0,0 ft=fixed
s#a45#8A92c: fg=164,80,0 bg=138,146,192 ft=fixed
s#a45e#05C: fg=164,94,0 bg=5,192,0 ft=fixed
s#a4bFbe#C91D5e: fg=164,191,190 bg=201,29,94 ft=fixed
s#a68#FE1C2: fg=166,128,0 bg=254,28,32 ft=fixed
s#a7#dB: fg=167,0,0 bg=219,0,0 ft=fixed
s#a9c7#: fg=169,199,0 bg=0,0,0 ft=fixed
s#a9e#bd: fg=169,224,0 bg=189,0,0 ft=fixed
s#aAbF0#f8B83f: fg=170,191,0 bg=248,184,63 ft=fixed
s#aB1aDa#: fg=171,26,218 bg=0,0,0 ft=fixed
s#aB290#fCbe: fg=171,41,0 bg=252,190,0 ft=fixed
s#aBfb4e#E8: fg=171,251,78 bg=232,0,0 ft=fixed
s#aD6#FeBE: fg=173,96,0 bg=254,190,0 ft=fixed
s#aE595c#7D4E6: fg=174,89,92 bg=125,78,96 ft=fixed
s#aEbe3#: fg=174,190,48 bg=0,0,0 ft=fixed
s#aF#9d: fg=175,0,0 bg=157,0,0 ft=fixed
s#aF93A#4b: fg=175,147,160 bg=75,0,0 ft=fixed
s#aa#C: fg=170,0,0 bg=192,0,0 ft=fixed
s#aa9dbF#7aaF7: fg=170,157,191 bg=122,175,112 ft=fixed
s#ac#C947: fg=172,0,0 bg=201,71,0 ft=fixed
s#acA#1: fg=172,160,0 bg=16,0,0 ft=fixed
s#af#87: fg=175,0,0 bg=135,0,0 ft=fixed
s#b#: fg=176,0,0 bg=0,0,0 ft=fixed
s#b#6b: fg=176,0,0 bg=107,0,0 ft=fixed
s#b#7B: fg=176,0,0 bg=123,0,0 ft=fixed
s#b#91DAE: fg=176,0,0 bg=145,218,224 ft=fixed
s#b#B8E9: fg=176,0,0 bg=184,233,0 ft=fixed
s#b#F5B93: fg=176,0,0 bg=245,185,48 ft=fixed
s#b01c83#e0f5A7: fg=176,28,131 bg=224,245,167 ft=fixed
s#b0c4#7: fg=176,196,0 bg=112,0,0 ft=fixed
s#b12#e: fg=177,32,0 bg=224,0,0 ft=fixed
s#b12a#Ad367e: fg=177,42,0 bg=173,54,126 ft=fixed
s#b2B5#5f: fg=178,181,0 bg=95,0,0 ft=fixed
s#b46#db9aC: fg=180,96,0 bg=219,154,192 ft=fixed
s#b4E70#c3D: fg=180,231,0 bg=195,208,0 ft=fixed
s#b50#f: fg=181,0,0 bg=240,0,0 ft=fixed
s#b59264#: fg=181,146,100 bg=0,0,0 ft=fixed
s#b5a#3B: fg=181,160,0 bg=59,0,0 ft=fixed
s#b65#119E4b: fg=182,80,0 bg=17,158,75 ft=fixed
s#b86dB#d8D62: fg=184,109,176 bg=216,214,32 ft=fixed
s#b8EcF4#0cc: fg=184,236,244 bg=12,192,0 ft=fixed
s#b9#9aB: fg=185,0,0 bg=154,176,0 ft=fixed
s#b921CC#7DD3B: fg=185,33,204 bg=125,211,176 ft=fixed
s#b9E#39AEE: fg=185,224,0 bg=57,174,224 ft=fixed
s#bC#308: fg=188,0,0 bg=48,128,0 ft=fixed
s#bDb9Df#A8B: fg=189,185,223 bg=168,176,0 ft=fixed
s#bF7Fd1#0e76aA: fg=191,127,209 bg=14,118,170 ft=fixed
s#ba3F2#2: fg=186,63,32 bg=32,0,0 ft=fixed
s#bb03bb#: fg=187,3,187 bg=0,0,0 ft=fixed
s#bb4Ed#Bf: fg=187,78,208 bg=191,0,0 ft=fixed
s#bb7293#96BbE4: fg=187,114,147 bg=150,187,228 ft=fixed
s#bbe0D5#28C6: fg=187,224,213 bg=40,198,0 ft=fixed
s#bc9D#39: fg=188,157,0 bg=57,0,0 ft=fixed
s#bd#92C59B: fg=189,0,0 bg=146,197,155 ft=fixed
s#bd6#aB: fg=189,96,0 bg=171,0,0 ft=fixed
s#bd6#b9f4: fg=189,96,0 bg=185,244,0 ft=fixed
s#bd93#A: fg=189,147,0 bg=160,0,0 ft=fixed
s#bda1Be#Fe85: fg=189,161,190 bg=254,133,0 ft=fixed
s#beD#ac: fg=190,208,0 bg=172,0,0 ft=fixed
s#c#0CC54b: fg=192,0,0 bg=12,197,75 ft=fixed
s#c#7: fg=192,0,0 bg=112,0,0 ft=fixed
s#c#A9: fg=192,0,0 bg=169,0,0 ft=fixed
s#c#D4f2: fg=192,0,0 bg=212,242,0 ft=fixed
s#c#a1B1: fg=192,0,0 bg=161,177,0 ft=fixed
s#c#cd27af: fg=192,0,0 bg=205,39,175 ft=fixed
s#c#fd3e: fg=192,0,0 bg=253,62,0 ft=fixed
s#c0#F7FFA: fg=192,0,0 bg=247,255,160 ft=fixed
s#c0ECbA#0c: fg=192,236,186 bg=12,0,0 ft=fixed
s#c48#657bBe: fg=196,128,0 bg=101,123,190 ft=fixed
s#c4C#436cF: fg=196,192,0 bg=67,108,240 ft=fixed
s#c4F4eB#F95: fg=196,244,235 bg=249,80,0 ft=fixed
s#c4eAE#aCE: fg=196,234,224 bg=172,224,0 ft=fixed
s#c50C5a#: fg=197,12,90 bg=0,0,0 ft=fixed
s#c52#AA378: fg=197,32,0 bg=170,55,128 ft=fixed
s#c6#8e5b0: fg=198,0,0 bg=142,91,0 ft=fixed
s#c6#bcDEE: fg=198,0,0 bg=188,222,224 ft=fixed
s#c79524#A: fg=199,149,36 bg=160,0,0 ft=fixed
s#c79E8b#9D6E: fg=199,158,139 bg=157,110,0 ft=fixed
s#c8f#E7bEe: fg=200,240,0 bg=231,190,224 ft=fixed
s#c9#DE4: fg=201,0,0 bg=222,64,0 ft=fixed
s#c98A9b#bD6: fg=201,138,155 bg=189,96,0 ft=fixed
s#cA0f42#02: fg=202,15,66 bg=2,0,0 ft=fixed
s#cB371a#D: fg=203,55,26 bg=208,0,0 ft=fixed
s#cB4Aa#4f: fg=203,74,160 bg=79,0,0 ft=fixed
s#cDca5A#a: fg=205,202,90 bg=160,0,0 ft=fixed
s#cE#: fg=206,0,0 bg=0,0,0 ft=fixed
s#cE#e2fDf: fg=206,0,0 bg=226,253,240 ft=fixed
s#cE3C#e640: fg=206,60,0 bg=230,64,0 ft=fixed
s#cEe7A#e191ab: fg=206,231,160 bg=225,145,171 ft=fixed
s#cF4E0#60: fg=207,78,0 bg=96,0,0 ft=fixed
s#cFD7D#: fg=207,215,208 bg=0,0,0 ft=fixed
s#ca#: fg=202,0,0 bg=0,0,0 ft=fixed
s#ca43ff#AE: fg=202,67,255 bg=174,0,0 ft=fixed
s#cb86#e478: fg=203,134,0 bg=228,120,0 ft=fixed
s#cc539#: fg=204,83,144 bg=0,0,0 ft=fixed
s#ccF870#F: fg=204,248,112 bg=240,0,0 ft=fixed
s#ccb#: fg=204,176,0 bg=0,0,0 ft=fixed
s#cd3D#: fg=205,61,0 bg=0,0,0 ft=fixed
s#cdE#: fg=205,224,0 bg=0,0,0 ft=fixed
s#cdE12#fE: fg=205,225,32 bg=254,0,0 ft=fixed
s#ce#f: fg=206,0,0 bg=240,0,0 ft=fixed
s#cec#e3eA: fg=206,192,0 bg=227,234,0 ft=fixed
s#cf5D75#: fg=207,93,117 bg=0,0,0 ft=fixed
s#cf93#8a80c: fg=207,147,0 bg=138,128,192 ft=fixed
s#cfBC#f: fg=207,188,0 bg=240,0,0 ft=fixed
s#cfDf#: fg=207,223,0 bg=0,0,0 ft=fixed
s#d#: fg=208,0,0 bg=0,0,0 ft=fixed
s#d#: fg=208,0,0 bg=0,0,0 ft=fixed
s#d#34eF: fg=208,0,0 bg=52,239,0 ft=fixed
s#d#4e8: fg=208,0,0 bg=78,128,0 ft=fixed
s#d#8bcd: fg=208,0,0 bg=139,205,0 ft=fixed
s#d#bCa: fg=208,0,0 bg=188,160,0 ft=fixed
s#d#bFf: fg=208,0,0 bg=191,240,0 ft=fixed
s#d16A7#aF38: fg=209,106,112 bg=175,56,0 ft=fixed
s#d28#baD7: fg=210,128,0 bg=186,215,0 ft=fixed
s#d2AE5b#29Bfe8: fg=210,174,91 bg=41,191,232 ft=fixed
s#d3#20a05b: fg=211,0,0 bg=32,160,91 ft=fixed
s#d3F#3c0f6: fg=211,240,0 bg=60,15,96 ft=fixed
s#d4#af4b: fg=212,0,0 bg=175,75,0 ft=fixed
s#d49de#d9: fg=212,157,224 bg=217,0,0 ft=fixed
s#d5#64F7: fg=213,0,0 bg=100,247,0 ft=fixed
s#d5#aDbCD: fg=213,0,0 bg=173,188,208 ft=fixed
s#d6B7#: fg=214,183,0 bg=0,0,0 ft=fixed
s#d8#BCAF15: fg=216,0,0 bg=188,175,21 ft=fixed
s#d9#: fg=217,0,0 bg=0,0,0 ft=fixed
s#d9#2B2C: fg=217,0,0 bg=43,44,0 ft=fixed
s#dA098#2: fg=218,9,128 bg=32,0,0 ft=fixed
s#dA9D8#3a: fg=218,157,128 bg=58,0,0 ft=fixed
s#dB#F6: fg=219,0,0 bg=246,0,0 ft=fixed
s#dB6fF#D5c: fg=219,111,240 bg=213,192,0 ft=fixed
s#dBf3df#1C8: fg=219,243,223 bg=28,128,0 ft=fixed
s#dE#: fg=222,0,0 bg=0,0,0 ft=fixed
s#dEaF#: fg=222,175,0 bg=0,0,0 ft=fixed
s#dEbC0e#f: fg=222,188,14 bg=240,0,0 ft=fixed
s#dFeF#bAEACe: fg=223,239,0 bg=186,234,206 ft=fixed
s#dbE3#: fg=219,227,0 bg=0,0,0 ft=fixed
s#dbE4a#Fdc6cF: fg=219,228,160 bg=253,198,207 ft=fixed
s#dc#c: fg=220,0,0 bg=192,0,0 ft=fixed
s#dc2#19feD: fg=220,32,0 bg=25,254,208 ft=fixed
s#dcdA7#CAf4c: fg=220,218,112 bg=202,244,192 ft=fixed
s#de02#: fg=222,2,0 bg=0,0,0 ft=fixed
s#de6dCA#Ffc7: fg=222,109,202 bg=255,199,0 ft=fixed
s#df#: fg=223,0,0 bg=0,0,0 ft=fixed
s#e#5f3DF4: fg=224,0,0 bg=95,61,244 ft=fixed
s#e#839E28: fg=224,0,0 bg=131,158,40 ft=fixed
s#e#DA4AFe: fg=224,0,0 bg=218,74,254 ft=fixed
s#e#c: fg=224,0,0 bg=192,0,0 ft=fixed
s#e1c3#4a9: fg=225,195,0 bg=74,144,0 ft=fixed
s#e36#EDd76b: fg=227,96,0 bg=237,215,107 ft=fixed
s#e36C48#EcC: fg=227,108,72 bg=236,192,0 ft=fixed
s#e3cDd#db0F6: fg=227,205,208 bg=219,15,96 ft=fixed
s#e4cc30#D326b: fg=228,204,48 bg=211,38,176 ft=fixed
s#e4dBc#5Df6db: fg=228,219,192 bg=93,246,219 ft=fixed
s#e5BB#1a1: fg=229,187,0 bg=26,16,0 ft=fixed
s#e7#E: fg=231,0,0 bg=224,0,0 ft=fixed
s#e8#ECc8: fg=232,0,0 bg=236,200,0 ft=fixed
s#e80C02#fDeC0B: fg=232,12,2 bg=253,236,11 ft=fixed
s#e8F#5: fg=232,240,0 bg=80,0,0 ft=fixed
s#eAA1CA#059E: fg=234,161,202 bg=5,158,0 ft=fixed
s#eAd7f#ECC1: fg=234,215,240 bg=236,193,0 ft=fixed
s#eBC4#b9c6b8: fg=235,196,0 bg=185,198,184 ft=fixed
s#eC#bde3e0: fg=236,0,0 bg=189,227,224 ft=fixed
s#eF#: fg=239,0,0 bg=0,0,0 ft=fixed
s#ea1dB2#d1Dad: fg=234,29,178 bg=209,218,208 ft=fixed
s#ea2F1#dE93: fg=234,47,16 bg=222,147,0 ft=fixed
s#eaD8Db#: fg=234,216,219 bg=0,0,0 ft=fixed
s#eaa0f#: fg=234,160,240 bg=0,0,0 ft=fixed
s#ecbdC0#e: fg=236,189,192 bg=224,0,0 ft=fixed
s#f#: fg=240,0,0 bg=0,0,0 ft=fixed
s#f#: fg=240,0,0 bg=0,0,0 ft=fixed
s#f#21E4a: fg=240,0,0 bg=33,228,160 ft=fixed
s#f#4CF5: fg=240,0,0 bg=76,245,0 ft=fixed
s#f#5a0: fg=240,0,0 bg=90,0,0 ft=fixed
s#f#b21: fg=240,0,0 bg=178,16,0 ft=fixed
s#f#dc9: fg=240,0,0 bg=220,144,0 ft=fixed
s#f#eD595: fg=240,0,0 bg=237,89,80 ft=fixed
s#f014#2Fe4A7: fg=240,20,0 bg=47,228,167 ft=fixed
s#f18Dd#F9Af0: fg=241,141,208 bg=249,175,0 ft=fixed
s#f1A60#fbDdBB: fg=241,166,0 bg=251,221,187 ft=fixed
s#f20F36#: fg=242,15,54 bg=0,0,0 ft=fixed
s#f2328F#Af0D2: fg=242,50,143 bg=175,13,32 ft=fixed
s#f3#A: fg=243,0,0 bg=160,0,0 ft=fixed
s#f304#E: fg=243,4,0 bg=224,0,0 ft=fixed
s#f332#1: fg=243,50,0 bg=16,0,0 ft=fixed
s#f336#d: fg=243,54,0 bg=208,0,0 ft=fixed
s#f4Ce#: fg=244,206,0 bg=0,0,0 ft=fixed
s#f4d#6f504: fg=244,208,0 bg=111,80,64 ft=fixed
s#f5#B4A7FE: fg=245,0,0 bg=180,167,254 ft=fixed
s#f55#D: fg=245,80,0 bg=208,0,0 ft=fixed
s#f5a#5c3: fg=245,160,0 bg=92,48,0 ft=fixed
s#f6#6Ad2: fg=246,0,0 bg=106,210,0 ft=fixed
s#f7A9#6F: fg=247,169,0 bg=111,0,0 ft=fixed
s#f8#c7: fg=248,0,0 bg=199,0,0 ft=fixed
s#f9#C6: fg=249,0,0 bg=198,0,0 ft=fixed
s#f9b#8aC: fg=249,176,0 bg=138,192,0 ft=fixed
s#fA91cf#7: fg=250,145,207 bg=112,0,0 ft=fixed
s#fB#8: fg=251,0,0 bg=128,0,0 ft=fixed
s#fB#b7Ef: fg=251,0,0 bg=183,239,0 ft=fixed
s#fCB4#: fg=252,180,0 bg=0,0,0 ft=fixed
s#fCcf#1D: fg=252,207,0 bg=29,0,0 ft=fixed
s#fD8#96: fg=253,128,0 bg=150,0,0 ft=fixed
s#fDAe95#60: fg=253,174,149 bg=96,0,0 ft=fixed
s#fDf1Ab#31628: fg=253,241,171 bg=49,98,128 ft=fixed
s#fFC5F#e0E0D4: fg=255,197,240 bg=224,224,212 ft=fixed
s#fa55A#C4b43: fg=250,85,160 bg=196,180,48 ft=fixed
s#fa82#8c3e62: fg=250,130,0 bg=140,62,98 ft=fixed
s#fb#Cfe03: fg=251,0,0 bg=207,224,48 ft=fixed
s#fc4f#94DE5: fg=252,79,0 bg=148,222,80 ft=fixed
s#fd76#ca: fg=253,118,0 bg=202,0,0 ft=fixed
s#fe2F#985F4: fg=254,47,0 bg=152,95,64 ft=fixed
s#feBAd#575: fg=254,186,208 bg=87,80,0 ft=fixed
s#ff#A: fg=255,0,0 bg=160,0,0 ft=fixed
